<?xml version="1.0" encoding="utf-8"?><testsuites name="pytest tests"><testsuite name="pytest" errors="0" failures="0" skipped="0" tests="22" time="9.693" timestamp="2026-01-11T04:43:43.045395+00:00" hostname="agent-env-915e188e-a345-4d4d-a446-10dd0e2b7a19"><testcase classname="tests.test_medikal_backend.TestHealthCheck" name="test_health_endpoint" time="0.100" /><testcase classname="tests.test_medikal_backend.TestAuthentication" name="test_doctor_login" time="0.381" /><testcase classname="tests.test_medikal_backend.TestAuthentication" name="test_patient_login" time="0.320" /><testcase classname="tests.test_medikal_backend.TestAuthentication" name="test_admin_login" time="0.327" /><testcase classname="tests.test_medikal_backend.TestAuthentication" name="test_invalid_login" time="0.037" /><testcase classname="tests.test_medikal_backend.TestAuthentication" name="test_get_current_user" time="0.409" /><testcase classname="tests.test_medikal_backend.TestAIMedicalAssistant" name="test_ai_chat_unauthorized" time="0.028" /><testcase classname="tests.test_medikal_backend.TestAIMedicalAssistant" name="test_ai_chat_basic" time="1.223" /><testcase classname="tests.test_medikal_backend.TestAIMedicalAssistant" name="test_ai_chat_with_patient_context" time="1.029" /><testcase classname="tests.test_medikal_backend.TestAIMedicalAssistant" name="test_ai_chat_multilingual_kinyarwanda" time="1.273" /><testcase classname="tests.test_medikal_backend.TestAIMedicalAssistant" name="test_ai_chat_multilingual_french" time="1.100" /><testcase classname="tests.test_medikal_backend.TestLabsAPI" name="test_get_ast_results" time="0.328" /><testcase classname="tests.test_medikal_backend.TestLabsAPI" name="test_get_ast_results_with_patient" time="0.311" /><testcase classname="tests.test_medikal_backend.TestLabsAPI" name="test_get_patient_lab_results" time="0.308" /><testcase classname="tests.test_medikal_backend.TestLabsAPI" name="test_get_resistance_patterns" time="0.333" /><testcase classname="tests.test_medikal_backend.TestDashboardAPI" name="test_get_dashboard_metrics" time="0.334" /><testcase classname="tests.test_medikal_backend.TestDashboardAPI" name="test_get_amr_alerts" time="0.320" /><testcase classname="tests.test_medikal_backend.TestDashboardAPI" name="test_get_who_aware_stats" time="0.327" /><testcase classname="tests.test_medikal_backend.TestNotificationsAPI" name="test_get_notifications" time="0.284" /><testcase classname="tests.test_medikal_backend.TestNotificationsAPI" name="test_get_medication_reminders" time="0.301" /><testcase classname="tests.test_medikal_backend.TestPatientRegistry" name="test_get_patient_list" time="0.313" /><testcase classname="tests.test_medikal_backend.TestPatientRegistry" name="test_public_patient_registration" time="0.021" /></testsuite></testsuites>